{"__type":"$$EventMessageWorkflow","id":"dcfe0709-f012-47ca-9362-12d60cd205a4","ts":"2025-09-24T17:53:12.578-03:00","eventName":"n8n.workflow.started","message":"n8n.workflow.started","payload":{"executionId":"124","workflowId":"dIdcN4bbiaNW4nZF","isManual":false,"workflowName":"My workflow"}}
{"__type":"$$EventMessageConfirm","confirm":"dcfe0709-f012-47ca-9362-12d60cd205a4","ts":"2025-09-24T17:53:12.578-03:00","source":{"id":"0","name":"eventBus"}}
{"__type":"$$EventMessageNode","id":"2117f490-a638-4085-b288-1e17d2249087","ts":"2025-09-24T17:53:12.580-03:00","eventName":"n8n.node.started","message":"n8n.node.started","payload":{"workflowId":"dIdcN4bbiaNW4nZF","workflowName":"My workflow","executionId":"124","nodeType":"n8n-nodes-base.manualTrigger","nodeName":"When clicking ‘Execute workflow’","nodeId":"b2f4e757-8583-49c2-9613-fa5e9f6814e9"}}
{"__type":"$$EventMessageConfirm","confirm":"2117f490-a638-4085-b288-1e17d2249087","ts":"2025-09-24T17:53:12.580-03:00","source":{"id":"0","name":"eventBus"}}
{"__type":"$$EventMessageNode","id":"0dc2946f-00d1-4b3b-bf86-c681f2ee79fc","ts":"2025-09-24T17:53:12.582-03:00","eventName":"n8n.node.finished","message":"n8n.node.finished","payload":{"workflowId":"dIdcN4bbiaNW4nZF","workflowName":"My workflow","executionId":"124","nodeType":"n8n-nodes-base.manualTrigger","nodeName":"When clicking ‘Execute workflow’","nodeId":"b2f4e757-8583-49c2-9613-fa5e9f6814e9"}}
{"__type":"$$EventMessageConfirm","confirm":"0dc2946f-00d1-4b3b-bf86-c681f2ee79fc","ts":"2025-09-24T17:53:12.582-03:00","source":{"id":"0","name":"eventBus"}}
{"__type":"$$EventMessageNode","id":"b5fef1fd-731a-4d46-9e52-8bf961070fe5","ts":"2025-09-24T17:53:12.583-03:00","eventName":"n8n.node.started","message":"n8n.node.started","payload":{"workflowId":"dIdcN4bbiaNW4nZF","workflowName":"My workflow","executionId":"124","nodeType":"CUSTOM.random","nodeName":"Random","nodeId":"cdf8a78d-b7d3-463b-8021-3f623f1c2342"}}
{"__type":"$$EventMessageConfirm","confirm":"b5fef1fd-731a-4d46-9e52-8bf961070fe5","ts":"2025-09-24T17:53:12.583-03:00","source":{"id":"0","name":"eventBus"}}
{"__type":"$$EventMessageNode","id":"a30880b9-38c5-4a86-a89d-5c28d0cd4abf","ts":"2025-09-24T17:53:13.085-03:00","eventName":"n8n.node.finished","message":"n8n.node.finished","payload":{"workflowId":"dIdcN4bbiaNW4nZF","workflowName":"My workflow","executionId":"124","nodeType":"CUSTOM.random","nodeName":"Random","nodeId":"cdf8a78d-b7d3-463b-8021-3f623f1c2342"}}
{"__type":"$$EventMessageConfirm","confirm":"a30880b9-38c5-4a86-a89d-5c28d0cd4abf","ts":"2025-09-24T17:53:13.085-03:00","source":{"id":"0","name":"eventBus"}}
{"__type":"$$EventMessageWorkflow","id":"c478bd28-b72a-4c37-b3b3-be904cbdfd32","ts":"2025-09-24T17:53:13.090-03:00","eventName":"n8n.workflow.success","message":"n8n.workflow.success","payload":{"userId":"9246ed92-dec8-4f3c-bb0b-8b5b5c59cf7b","executionId":"124","success":true,"isManual":true,"workflowId":"dIdcN4bbiaNW4nZF","workflowName":"My workflow"}}
{"__type":"$$EventMessageConfirm","confirm":"c478bd28-b72a-4c37-b3b3-be904cbdfd32","ts":"2025-09-24T17:53:13.090-03:00","source":{"id":"0","name":"eventBus"}}
{"__type":"$$EventMessageWorkflow","id":"a9a070b8-e943-4cf9-bb07-f8c18e717b8e","ts":"2025-09-24T17:53:18.816-03:00","eventName":"n8n.workflow.started","message":"n8n.workflow.started","payload":{"executionId":"125","workflowId":"dIdcN4bbiaNW4nZF","isManual":false,"workflowName":"My workflow"}}
{"__type":"$$EventMessageConfirm","confirm":"a9a070b8-e943-4cf9-bb07-f8c18e717b8e","ts":"2025-09-24T17:53:18.816-03:00","source":{"id":"0","name":"eventBus"}}
{"__type":"$$EventMessageNode","id":"41a926a9-8d11-4bbc-996e-485fe9ab63fb","ts":"2025-09-24T17:53:18.816-03:00","eventName":"n8n.node.started","message":"n8n.node.started","payload":{"workflowId":"dIdcN4bbiaNW4nZF","workflowName":"My workflow","executionId":"125","nodeType":"CUSTOM.random","nodeName":"Random","nodeId":"cdf8a78d-b7d3-463b-8021-3f623f1c2342"}}
{"__type":"$$EventMessageConfirm","confirm":"41a926a9-8d11-4bbc-996e-485fe9ab63fb","ts":"2025-09-24T17:53:18.816-03:00","source":{"id":"0","name":"eventBus"}}
{"__type":"$$EventMessageNode","id":"a2eaf3ed-36e5-400a-9506-78db2ec15f9e","ts":"2025-09-24T17:53:19.210-03:00","eventName":"n8n.node.finished","message":"n8n.node.finished","payload":{"workflowId":"dIdcN4bbiaNW4nZF","workflowName":"My workflow","executionId":"125","nodeType":"CUSTOM.random","nodeName":"Random","nodeId":"cdf8a78d-b7d3-463b-8021-3f623f1c2342"}}
{"__type":"$$EventMessageConfirm","confirm":"a2eaf3ed-36e5-400a-9506-78db2ec15f9e","ts":"2025-09-24T17:53:19.210-03:00","source":{"id":"0","name":"eventBus"}}
{"__type":"$$EventMessageWorkflow","id":"78fc1820-23f9-4254-978c-21f1af729367","ts":"2025-09-24T17:53:19.212-03:00","eventName":"n8n.workflow.success","message":"n8n.workflow.success","payload":{"userId":"9246ed92-dec8-4f3c-bb0b-8b5b5c59cf7b","executionId":"125","success":true,"isManual":true,"workflowId":"dIdcN4bbiaNW4nZF","workflowName":"My workflow"}}
{"__type":"$$EventMessageConfirm","confirm":"78fc1820-23f9-4254-978c-21f1af729367","ts":"2025-09-24T17:53:19.212-03:00","source":{"id":"0","name":"eventBus"}}
