{"__type":"$$EventMessageWorkflow","id":"865ea330-7783-4ef4-9da7-fd711703366e","ts":"2025-09-24T18:28:04.523-03:00","eventName":"n8n.workflow.started","message":"n8n.workflow.started","payload":{"executionId":"126","workflowId":"dIdcN4bbiaNW4nZF","isManual":false,"workflowName":"My workflow"}}
{"__type":"$$EventMessageConfirm","confirm":"865ea330-7783-4ef4-9da7-fd711703366e","ts":"2025-09-24T18:28:04.523-03:00","source":{"id":"0","name":"eventBus"}}
{"__type":"$$EventMessageNode","id":"fe28453e-f567-4356-bc6c-eaa9ca05c2d6","ts":"2025-09-24T18:28:04.525-03:00","eventName":"n8n.node.started","message":"n8n.node.started","payload":{"workflowId":"dIdcN4bbiaNW4nZF","workflowName":"My workflow","executionId":"126","nodeType":"n8n-nodes-base.manualTrigger","nodeName":"When clicking ‘Execute workflow’","nodeId":"b2f4e757-8583-49c2-9613-fa5e9f6814e9"}}
{"__type":"$$EventMessageConfirm","confirm":"fe28453e-f567-4356-bc6c-eaa9ca05c2d6","ts":"2025-09-24T18:28:04.525-03:00","source":{"id":"0","name":"eventBus"}}
{"__type":"$$EventMessageNode","id":"b693676f-c0f8-404e-a7c0-f3efbf5b5b3f","ts":"2025-09-24T18:28:04.528-03:00","eventName":"n8n.node.finished","message":"n8n.node.finished","payload":{"workflowId":"dIdcN4bbiaNW4nZF","workflowName":"My workflow","executionId":"126","nodeType":"n8n-nodes-base.manualTrigger","nodeName":"When clicking ‘Execute workflow’","nodeId":"b2f4e757-8583-49c2-9613-fa5e9f6814e9"}}
{"__type":"$$EventMessageConfirm","confirm":"b693676f-c0f8-404e-a7c0-f3efbf5b5b3f","ts":"2025-09-24T18:28:04.528-03:00","source":{"id":"0","name":"eventBus"}}
{"__type":"$$EventMessageNode","id":"ef2e6bc2-bc0b-4f52-af1e-586d85928c71","ts":"2025-09-24T18:28:04.529-03:00","eventName":"n8n.node.started","message":"n8n.node.started","payload":{"workflowId":"dIdcN4bbiaNW4nZF","workflowName":"My workflow","executionId":"126","nodeType":"CUSTOM.random","nodeName":"Random","nodeId":"cdf8a78d-b7d3-463b-8021-3f623f1c2342"}}
{"__type":"$$EventMessageConfirm","confirm":"ef2e6bc2-bc0b-4f52-af1e-586d85928c71","ts":"2025-09-24T18:28:04.529-03:00","source":{"id":"0","name":"eventBus"}}
{"__type":"$$EventMessageNode","id":"5507094d-7bfd-4ec0-b57b-e6ba081c68db","ts":"2025-09-24T18:28:05.049-03:00","eventName":"n8n.node.finished","message":"n8n.node.finished","payload":{"workflowId":"dIdcN4bbiaNW4nZF","workflowName":"My workflow","executionId":"126","nodeType":"CUSTOM.random","nodeName":"Random","nodeId":"cdf8a78d-b7d3-463b-8021-3f623f1c2342"}}
{"__type":"$$EventMessageConfirm","confirm":"5507094d-7bfd-4ec0-b57b-e6ba081c68db","ts":"2025-09-24T18:28:05.049-03:00","source":{"id":"0","name":"eventBus"}}
{"__type":"$$EventMessageWorkflow","id":"29ddfd4a-8034-47b0-8b83-da207b6b620c","ts":"2025-09-24T18:28:05.053-03:00","eventName":"n8n.workflow.success","message":"n8n.workflow.success","payload":{"userId":"9246ed92-dec8-4f3c-bb0b-8b5b5c59cf7b","executionId":"126","success":true,"isManual":true,"workflowId":"dIdcN4bbiaNW4nZF","workflowName":"My workflow"}}
{"__type":"$$EventMessageConfirm","confirm":"29ddfd4a-8034-47b0-8b83-da207b6b620c","ts":"2025-09-24T18:28:05.053-03:00","source":{"id":"0","name":"eventBus"}}
{"__type":"$$EventMessageWorkflow","id":"b4a8b556-68ca-4ee6-a1b6-5d328e091850","ts":"2025-09-24T18:28:10.005-03:00","eventName":"n8n.workflow.started","message":"n8n.workflow.started","payload":{"executionId":"127","workflowId":"dIdcN4bbiaNW4nZF","isManual":false,"workflowName":"My workflow"}}
{"__type":"$$EventMessageConfirm","confirm":"b4a8b556-68ca-4ee6-a1b6-5d328e091850","ts":"2025-09-24T18:28:10.005-03:00","source":{"id":"0","name":"eventBus"}}
{"__type":"$$EventMessageNode","id":"4422783c-6b23-49f2-953e-595fd8afe35e","ts":"2025-09-24T18:28:10.007-03:00","eventName":"n8n.node.started","message":"n8n.node.started","payload":{"workflowId":"dIdcN4bbiaNW4nZF","workflowName":"My workflow","executionId":"127","nodeType":"CUSTOM.random","nodeName":"Random","nodeId":"cdf8a78d-b7d3-463b-8021-3f623f1c2342"}}
{"__type":"$$EventMessageConfirm","confirm":"4422783c-6b23-49f2-953e-595fd8afe35e","ts":"2025-09-24T18:28:10.007-03:00","source":{"id":"0","name":"eventBus"}}
{"__type":"$$EventMessageNode","id":"83130f3c-f425-4fc9-9f15-819aaf9cb54b","ts":"2025-09-24T18:28:10.426-03:00","eventName":"n8n.node.finished","message":"n8n.node.finished","payload":{"workflowId":"dIdcN4bbiaNW4nZF","workflowName":"My workflow","executionId":"127","nodeType":"CUSTOM.random","nodeName":"Random","nodeId":"cdf8a78d-b7d3-463b-8021-3f623f1c2342"}}
{"__type":"$$EventMessageConfirm","confirm":"83130f3c-f425-4fc9-9f15-819aaf9cb54b","ts":"2025-09-24T18:28:10.427-03:00","source":{"id":"0","name":"eventBus"}}
{"__type":"$$EventMessageWorkflow","id":"283a1e26-62f9-4849-938c-dce5fa4808d5","ts":"2025-09-24T18:28:10.430-03:00","eventName":"n8n.workflow.success","message":"n8n.workflow.success","payload":{"userId":"9246ed92-dec8-4f3c-bb0b-8b5b5c59cf7b","executionId":"127","success":true,"isManual":true,"workflowId":"dIdcN4bbiaNW4nZF","workflowName":"My workflow"}}
{"__type":"$$EventMessageConfirm","confirm":"283a1e26-62f9-4849-938c-dce5fa4808d5","ts":"2025-09-24T18:28:10.430-03:00","source":{"id":"0","name":"eventBus"}}
{"__type":"$$EventMessageWorkflow","id":"6763cdc4-29bf-4fe8-a4eb-1816ad34f4fb","ts":"2025-09-24T18:28:11.944-03:00","eventName":"n8n.workflow.started","message":"n8n.workflow.started","payload":{"executionId":"128","workflowId":"dIdcN4bbiaNW4nZF","isManual":false,"workflowName":"My workflow"}}
{"__type":"$$EventMessageConfirm","confirm":"6763cdc4-29bf-4fe8-a4eb-1816ad34f4fb","ts":"2025-09-24T18:28:11.944-03:00","source":{"id":"0","name":"eventBus"}}
{"__type":"$$EventMessageNode","id":"5cfb6202-03b3-48be-b6d5-567a611ebb89","ts":"2025-09-24T18:28:11.945-03:00","eventName":"n8n.node.started","message":"n8n.node.started","payload":{"workflowId":"dIdcN4bbiaNW4nZF","workflowName":"My workflow","executionId":"128","nodeType":"CUSTOM.random","nodeName":"Random","nodeId":"cdf8a78d-b7d3-463b-8021-3f623f1c2342"}}
{"__type":"$$EventMessageConfirm","confirm":"5cfb6202-03b3-48be-b6d5-567a611ebb89","ts":"2025-09-24T18:28:11.945-03:00","source":{"id":"0","name":"eventBus"}}
{"__type":"$$EventMessageNode","id":"11a19009-15e5-4e47-b7e5-b4fc977c644f","ts":"2025-09-24T18:28:12.336-03:00","eventName":"n8n.node.finished","message":"n8n.node.finished","payload":{"workflowId":"dIdcN4bbiaNW4nZF","workflowName":"My workflow","executionId":"128","nodeType":"CUSTOM.random","nodeName":"Random","nodeId":"cdf8a78d-b7d3-463b-8021-3f623f1c2342"}}
{"__type":"$$EventMessageConfirm","confirm":"11a19009-15e5-4e47-b7e5-b4fc977c644f","ts":"2025-09-24T18:28:12.336-03:00","source":{"id":"0","name":"eventBus"}}
{"__type":"$$EventMessageWorkflow","id":"dbff7311-9fdd-4144-b708-cca8059cbc4b","ts":"2025-09-24T18:28:12.339-03:00","eventName":"n8n.workflow.success","message":"n8n.workflow.success","payload":{"userId":"9246ed92-dec8-4f3c-bb0b-8b5b5c59cf7b","executionId":"128","success":true,"isManual":true,"workflowId":"dIdcN4bbiaNW4nZF","workflowName":"My workflow"}}
{"__type":"$$EventMessageConfirm","confirm":"dbff7311-9fdd-4144-b708-cca8059cbc4b","ts":"2025-09-24T18:28:12.339-03:00","source":{"id":"0","name":"eventBus"}}
{"__type":"$$EventMessageWorkflow","id":"d0a45264-ebe6-4549-8f0a-afa0a0977009","ts":"2025-09-24T18:28:12.928-03:00","eventName":"n8n.workflow.started","message":"n8n.workflow.started","payload":{"executionId":"129","workflowId":"dIdcN4bbiaNW4nZF","isManual":false,"workflowName":"My workflow"}}
{"__type":"$$EventMessageConfirm","confirm":"d0a45264-ebe6-4549-8f0a-afa0a0977009","ts":"2025-09-24T18:28:12.928-03:00","source":{"id":"0","name":"eventBus"}}
{"__type":"$$EventMessageNode","id":"5d3773fd-20fd-4f42-8328-e5e9726ea27e","ts":"2025-09-24T18:28:12.929-03:00","eventName":"n8n.node.started","message":"n8n.node.started","payload":{"workflowId":"dIdcN4bbiaNW4nZF","workflowName":"My workflow","executionId":"129","nodeType":"CUSTOM.random","nodeName":"Random","nodeId":"cdf8a78d-b7d3-463b-8021-3f623f1c2342"}}
{"__type":"$$EventMessageConfirm","confirm":"5d3773fd-20fd-4f42-8328-e5e9726ea27e","ts":"2025-09-24T18:28:12.930-03:00","source":{"id":"0","name":"eventBus"}}
{"__type":"$$EventMessageNode","id":"40f6a173-0e37-4422-bbe6-10052f17129a","ts":"2025-09-24T18:28:13.349-03:00","eventName":"n8n.node.finished","message":"n8n.node.finished","payload":{"workflowId":"dIdcN4bbiaNW4nZF","workflowName":"My workflow","executionId":"129","nodeType":"CUSTOM.random","nodeName":"Random","nodeId":"cdf8a78d-b7d3-463b-8021-3f623f1c2342"}}
{"__type":"$$EventMessageConfirm","confirm":"40f6a173-0e37-4422-bbe6-10052f17129a","ts":"2025-09-24T18:28:13.349-03:00","source":{"id":"0","name":"eventBus"}}
{"__type":"$$EventMessageWorkflow","id":"20f8f508-7702-45c2-957d-8e07e94a4946","ts":"2025-09-24T18:28:13.350-03:00","eventName":"n8n.workflow.success","message":"n8n.workflow.success","payload":{"userId":"9246ed92-dec8-4f3c-bb0b-8b5b5c59cf7b","executionId":"129","success":true,"isManual":true,"workflowId":"dIdcN4bbiaNW4nZF","workflowName":"My workflow"}}
{"__type":"$$EventMessageConfirm","confirm":"20f8f508-7702-45c2-957d-8e07e94a4946","ts":"2025-09-24T18:28:13.351-03:00","source":{"id":"0","name":"eventBus"}}
{"__type":"$$EventMessageWorkflow","id":"a7d0ae5d-59ad-4a04-b8c2-39d6cf19767a","ts":"2025-09-24T18:28:15.093-03:00","eventName":"n8n.workflow.started","message":"n8n.workflow.started","payload":{"executionId":"130","workflowId":"dIdcN4bbiaNW4nZF","isManual":false,"workflowName":"My workflow"}}
{"__type":"$$EventMessageConfirm","confirm":"a7d0ae5d-59ad-4a04-b8c2-39d6cf19767a","ts":"2025-09-24T18:28:15.093-03:00","source":{"id":"0","name":"eventBus"}}
{"__type":"$$EventMessageNode","id":"5560cf55-2ec9-4665-bdcd-c9f29cd620c6","ts":"2025-09-24T18:28:15.094-03:00","eventName":"n8n.node.started","message":"n8n.node.started","payload":{"workflowId":"dIdcN4bbiaNW4nZF","workflowName":"My workflow","executionId":"130","nodeType":"CUSTOM.random","nodeName":"Random","nodeId":"cdf8a78d-b7d3-463b-8021-3f623f1c2342"}}
{"__type":"$$EventMessageConfirm","confirm":"5560cf55-2ec9-4665-bdcd-c9f29cd620c6","ts":"2025-09-24T18:28:15.094-03:00","source":{"id":"0","name":"eventBus"}}
{"__type":"$$EventMessageNode","id":"fe3c8351-9211-47ee-ba66-6172e1323e1a","ts":"2025-09-24T18:28:15.110-03:00","eventName":"n8n.node.finished","message":"n8n.node.finished","payload":{"workflowId":"dIdcN4bbiaNW4nZF","workflowName":"My workflow","executionId":"130","nodeType":"CUSTOM.random","nodeName":"Random","nodeId":"cdf8a78d-b7d3-463b-8021-3f623f1c2342"}}
{"__type":"$$EventMessageConfirm","confirm":"fe3c8351-9211-47ee-ba66-6172e1323e1a","ts":"2025-09-24T18:28:15.110-03:00","source":{"id":"0","name":"eventBus"}}
{"__type":"$$EventMessageWorkflow","id":"c646b78a-d9dd-46c6-bc2e-02da32c933af","ts":"2025-09-24T18:28:15.111-03:00","eventName":"n8n.workflow.failed","message":"n8n.workflow.failed","payload":{"userId":"9246ed92-dec8-4f3c-bb0b-8b5b5c59cf7b","executionId":"130","success":false,"isManual":true,"workflowId":"dIdcN4bbiaNW4nZF","workflowName":"My workflow","lastNodeExecuted":"Random","errorNodeType":"CUSTOM.random","errorMessage":"Ocorreu um problema ao gerar o número aleatório: O valor mínimo não pode ser maior que o máximo."}}
{"__type":"$$EventMessageConfirm","confirm":"c646b78a-d9dd-46c6-bc2e-02da32c933af","ts":"2025-09-24T18:28:15.111-03:00","source":{"id":"0","name":"eventBus"}}
{"__type":"$$EventMessageWorkflow","id":"2636a93d-1147-470d-80ff-5432914a505a","ts":"2025-09-24T18:28:18.013-03:00","eventName":"n8n.workflow.started","message":"n8n.workflow.started","payload":{"executionId":"131","workflowId":"dIdcN4bbiaNW4nZF","isManual":false,"workflowName":"My workflow"}}
{"__type":"$$EventMessageConfirm","confirm":"2636a93d-1147-470d-80ff-5432914a505a","ts":"2025-09-24T18:28:18.013-03:00","source":{"id":"0","name":"eventBus"}}
{"__type":"$$EventMessageNode","id":"1efc2a1a-e659-4420-b2a6-2d4f2ceb9390","ts":"2025-09-24T18:28:18.014-03:00","eventName":"n8n.node.started","message":"n8n.node.started","payload":{"workflowId":"dIdcN4bbiaNW4nZF","workflowName":"My workflow","executionId":"131","nodeType":"CUSTOM.random","nodeName":"Random","nodeId":"cdf8a78d-b7d3-463b-8021-3f623f1c2342"}}
{"__type":"$$EventMessageConfirm","confirm":"1efc2a1a-e659-4420-b2a6-2d4f2ceb9390","ts":"2025-09-24T18:28:18.014-03:00","source":{"id":"0","name":"eventBus"}}
{"__type":"$$EventMessageNode","id":"30147c94-5e38-43e2-a80b-460d42061a7e","ts":"2025-09-24T18:28:18.478-03:00","eventName":"n8n.node.finished","message":"n8n.node.finished","payload":{"workflowId":"dIdcN4bbiaNW4nZF","workflowName":"My workflow","executionId":"131","nodeType":"CUSTOM.random","nodeName":"Random","nodeId":"cdf8a78d-b7d3-463b-8021-3f623f1c2342"}}
{"__type":"$$EventMessageConfirm","confirm":"30147c94-5e38-43e2-a80b-460d42061a7e","ts":"2025-09-24T18:28:18.478-03:00","source":{"id":"0","name":"eventBus"}}
{"__type":"$$EventMessageWorkflow","id":"615035a0-7039-4487-94a2-fdda684a8b46","ts":"2025-09-24T18:28:18.480-03:00","eventName":"n8n.workflow.success","message":"n8n.workflow.success","payload":{"userId":"9246ed92-dec8-4f3c-bb0b-8b5b5c59cf7b","executionId":"131","success":true,"isManual":true,"workflowId":"dIdcN4bbiaNW4nZF","workflowName":"My workflow"}}
{"__type":"$$EventMessageConfirm","confirm":"615035a0-7039-4487-94a2-fdda684a8b46","ts":"2025-09-24T18:28:18.480-03:00","source":{"id":"0","name":"eventBus"}}
