{"__type":"$$EventMessageWorkflow","id":"2bfc0a21-ff3b-41fe-a03a-abf2b48ea73d","ts":"2025-09-24T00:44:28.356-03:00","eventName":"n8n.workflow.started","message":"n8n.workflow.started","payload":{"executionId":"117","workflowId":"dIdcN4bbiaNW4nZF","isManual":false,"workflowName":"My workflow"}}
{"__type":"$$EventMessageConfirm","confirm":"2bfc0a21-ff3b-41fe-a03a-abf2b48ea73d","ts":"2025-09-24T00:44:28.356-03:00","source":{"id":"0","name":"eventBus"}}
{"__type":"$$EventMessageNode","id":"b3122812-aa9a-4476-a480-44093036e31b","ts":"2025-09-24T00:44:28.357-03:00","eventName":"n8n.node.started","message":"n8n.node.started","payload":{"workflowId":"dIdcN4bbiaNW4nZF","workflowName":"My workflow","executionId":"117","nodeType":"n8n-nodes-base.manualTrigger","nodeName":"When clicking ‘Execute workflow’","nodeId":"b2f4e757-8583-49c2-9613-fa5e9f6814e9"}}
{"__type":"$$EventMessageConfirm","confirm":"b3122812-aa9a-4476-a480-44093036e31b","ts":"2025-09-24T00:44:28.357-03:00","source":{"id":"0","name":"eventBus"}}
{"__type":"$$EventMessageNode","id":"06a70470-3374-4e8d-85ff-7582e6ccbcca","ts":"2025-09-24T00:44:28.360-03:00","eventName":"n8n.node.finished","message":"n8n.node.finished","payload":{"workflowId":"dIdcN4bbiaNW4nZF","workflowName":"My workflow","executionId":"117","nodeType":"n8n-nodes-base.manualTrigger","nodeName":"When clicking ‘Execute workflow’","nodeId":"b2f4e757-8583-49c2-9613-fa5e9f6814e9"}}
{"__type":"$$EventMessageConfirm","confirm":"06a70470-3374-4e8d-85ff-7582e6ccbcca","ts":"2025-09-24T00:44:28.360-03:00","source":{"id":"0","name":"eventBus"}}
{"__type":"$$EventMessageNode","id":"bcc02437-d4dd-434a-a0f0-7691abc1e04a","ts":"2025-09-24T00:44:28.361-03:00","eventName":"n8n.node.started","message":"n8n.node.started","payload":{"workflowId":"dIdcN4bbiaNW4nZF","workflowName":"My workflow","executionId":"117","nodeType":"CUSTOM.random","nodeName":"Random","nodeId":"cdf8a78d-b7d3-463b-8021-3f623f1c2342"}}
{"__type":"$$EventMessageConfirm","confirm":"bcc02437-d4dd-434a-a0f0-7691abc1e04a","ts":"2025-09-24T00:44:28.361-03:00","source":{"id":"0","name":"eventBus"}}
{"__type":"$$EventMessageNode","id":"131eade9-7f89-4d72-a729-66069856e9e4","ts":"2025-09-24T00:44:28.765-03:00","eventName":"n8n.node.finished","message":"n8n.node.finished","payload":{"workflowId":"dIdcN4bbiaNW4nZF","workflowName":"My workflow","executionId":"117","nodeType":"CUSTOM.random","nodeName":"Random","nodeId":"cdf8a78d-b7d3-463b-8021-3f623f1c2342"}}
{"__type":"$$EventMessageConfirm","confirm":"131eade9-7f89-4d72-a729-66069856e9e4","ts":"2025-09-24T00:44:28.765-03:00","source":{"id":"0","name":"eventBus"}}
{"__type":"$$EventMessageWorkflow","id":"e45fc166-8445-496a-9784-1eafa652159d","ts":"2025-09-24T00:44:28.771-03:00","eventName":"n8n.workflow.success","message":"n8n.workflow.success","payload":{"userId":"9246ed92-dec8-4f3c-bb0b-8b5b5c59cf7b","executionId":"117","success":true,"isManual":true,"workflowId":"dIdcN4bbiaNW4nZF","workflowName":"My workflow"}}
{"__type":"$$EventMessageConfirm","confirm":"e45fc166-8445-496a-9784-1eafa652159d","ts":"2025-09-24T00:44:28.771-03:00","source":{"id":"0","name":"eventBus"}}
{"__type":"$$EventMessageWorkflow","id":"6b83a0eb-2d8c-40cf-a6f4-bc084eac9c54","ts":"2025-09-24T00:44:50.831-03:00","eventName":"n8n.workflow.started","message":"n8n.workflow.started","payload":{"executionId":"118","workflowId":"dIdcN4bbiaNW4nZF","isManual":false,"workflowName":"My workflow"}}
{"__type":"$$EventMessageConfirm","confirm":"6b83a0eb-2d8c-40cf-a6f4-bc084eac9c54","ts":"2025-09-24T00:44:50.831-03:00","source":{"id":"0","name":"eventBus"}}
{"__type":"$$EventMessageNode","id":"8b4ea1fc-2d54-4bb9-9ce2-5a1602e08664","ts":"2025-09-24T00:44:50.832-03:00","eventName":"n8n.node.started","message":"n8n.node.started","payload":{"workflowId":"dIdcN4bbiaNW4nZF","workflowName":"My workflow","executionId":"118","nodeType":"CUSTOM.random","nodeName":"Random","nodeId":"cdf8a78d-b7d3-463b-8021-3f623f1c2342"}}
{"__type":"$$EventMessageConfirm","confirm":"8b4ea1fc-2d54-4bb9-9ce2-5a1602e08664","ts":"2025-09-24T00:44:50.832-03:00","source":{"id":"0","name":"eventBus"}}
{"__type":"$$EventMessageNode","id":"1adb72de-f0b8-4db6-a401-4ecec164f5bf","ts":"2025-09-24T00:44:51.195-03:00","eventName":"n8n.node.finished","message":"n8n.node.finished","payload":{"workflowId":"dIdcN4bbiaNW4nZF","workflowName":"My workflow","executionId":"118","nodeType":"CUSTOM.random","nodeName":"Random","nodeId":"cdf8a78d-b7d3-463b-8021-3f623f1c2342"}}
{"__type":"$$EventMessageConfirm","confirm":"1adb72de-f0b8-4db6-a401-4ecec164f5bf","ts":"2025-09-24T00:44:51.195-03:00","source":{"id":"0","name":"eventBus"}}
{"__type":"$$EventMessageWorkflow","id":"461c33a7-3f15-4d4b-a8d1-03859111bd2d","ts":"2025-09-24T00:44:51.198-03:00","eventName":"n8n.workflow.success","message":"n8n.workflow.success","payload":{"userId":"9246ed92-dec8-4f3c-bb0b-8b5b5c59cf7b","executionId":"118","success":true,"isManual":true,"workflowId":"dIdcN4bbiaNW4nZF","workflowName":"My workflow"}}
{"__type":"$$EventMessageConfirm","confirm":"461c33a7-3f15-4d4b-a8d1-03859111bd2d","ts":"2025-09-24T00:44:51.198-03:00","source":{"id":"0","name":"eventBus"}}
{"__type":"$$EventMessageWorkflow","id":"22f85da3-65b5-466e-b29b-2d0cfa7712a0","ts":"2025-09-24T00:45:39.149-03:00","eventName":"n8n.workflow.started","message":"n8n.workflow.started","payload":{"executionId":"119","workflowId":"dIdcN4bbiaNW4nZF","isManual":false,"workflowName":"My workflow"}}
{"__type":"$$EventMessageConfirm","confirm":"22f85da3-65b5-466e-b29b-2d0cfa7712a0","ts":"2025-09-24T00:45:39.149-03:00","source":{"id":"0","name":"eventBus"}}
{"__type":"$$EventMessageNode","id":"bb0fb474-7da6-47a5-adb4-2cc05f5e7035","ts":"2025-09-24T00:45:39.149-03:00","eventName":"n8n.node.started","message":"n8n.node.started","payload":{"workflowId":"dIdcN4bbiaNW4nZF","workflowName":"My workflow","executionId":"119","nodeType":"CUSTOM.random","nodeName":"Random","nodeId":"cdf8a78d-b7d3-463b-8021-3f623f1c2342"}}
{"__type":"$$EventMessageConfirm","confirm":"bb0fb474-7da6-47a5-adb4-2cc05f5e7035","ts":"2025-09-24T00:45:39.149-03:00","source":{"id":"0","name":"eventBus"}}
{"__type":"$$EventMessageNode","id":"16e02302-1051-4447-85f0-4e706443fcc5","ts":"2025-09-24T00:45:39.897-03:00","eventName":"n8n.node.finished","message":"n8n.node.finished","payload":{"workflowId":"dIdcN4bbiaNW4nZF","workflowName":"My workflow","executionId":"119","nodeType":"CUSTOM.random","nodeName":"Random","nodeId":"cdf8a78d-b7d3-463b-8021-3f623f1c2342"}}
{"__type":"$$EventMessageConfirm","confirm":"16e02302-1051-4447-85f0-4e706443fcc5","ts":"2025-09-24T00:45:39.897-03:00","source":{"id":"0","name":"eventBus"}}
{"__type":"$$EventMessageWorkflow","id":"b4c377df-c4b0-48a6-8f3b-d5d4f0653405","ts":"2025-09-24T00:45:39.898-03:00","eventName":"n8n.workflow.success","message":"n8n.workflow.success","payload":{"userId":"9246ed92-dec8-4f3c-bb0b-8b5b5c59cf7b","executionId":"119","success":true,"isManual":true,"workflowId":"dIdcN4bbiaNW4nZF","workflowName":"My workflow"}}
{"__type":"$$EventMessageConfirm","confirm":"b4c377df-c4b0-48a6-8f3b-d5d4f0653405","ts":"2025-09-24T00:45:39.898-03:00","source":{"id":"0","name":"eventBus"}}
{"__type":"$$EventMessageWorkflow","id":"d8f755df-3ffc-40ec-b8c8-d4f94cb0addf","ts":"2025-09-24T00:47:51.360-03:00","eventName":"n8n.workflow.started","message":"n8n.workflow.started","payload":{"executionId":"120","workflowId":"dIdcN4bbiaNW4nZF","isManual":false,"workflowName":"My workflow"}}
{"__type":"$$EventMessageConfirm","confirm":"d8f755df-3ffc-40ec-b8c8-d4f94cb0addf","ts":"2025-09-24T00:47:51.360-03:00","source":{"id":"0","name":"eventBus"}}
{"__type":"$$EventMessageNode","id":"d43cee6e-eee4-4124-bb91-e95f8cdc789c","ts":"2025-09-24T00:47:51.361-03:00","eventName":"n8n.node.started","message":"n8n.node.started","payload":{"workflowId":"dIdcN4bbiaNW4nZF","workflowName":"My workflow","executionId":"120","nodeType":"CUSTOM.random","nodeName":"Random","nodeId":"cdf8a78d-b7d3-463b-8021-3f623f1c2342"}}
{"__type":"$$EventMessageConfirm","confirm":"d43cee6e-eee4-4124-bb91-e95f8cdc789c","ts":"2025-09-24T00:47:51.361-03:00","source":{"id":"0","name":"eventBus"}}
{"__type":"$$EventMessageNode","id":"fe079d0d-b67c-4394-b7f9-a7b0fc3f8aa8","ts":"2025-09-24T00:47:51.746-03:00","eventName":"n8n.node.finished","message":"n8n.node.finished","payload":{"workflowId":"dIdcN4bbiaNW4nZF","workflowName":"My workflow","executionId":"120","nodeType":"CUSTOM.random","nodeName":"Random","nodeId":"cdf8a78d-b7d3-463b-8021-3f623f1c2342"}}
{"__type":"$$EventMessageConfirm","confirm":"fe079d0d-b67c-4394-b7f9-a7b0fc3f8aa8","ts":"2025-09-24T00:47:51.746-03:00","source":{"id":"0","name":"eventBus"}}
{"__type":"$$EventMessageWorkflow","id":"069654cc-4976-4ec6-9877-a889b0b88cd6","ts":"2025-09-24T00:47:51.749-03:00","eventName":"n8n.workflow.success","message":"n8n.workflow.success","payload":{"userId":"9246ed92-dec8-4f3c-bb0b-8b5b5c59cf7b","executionId":"120","success":true,"isManual":true,"workflowId":"dIdcN4bbiaNW4nZF","workflowName":"My workflow"}}
{"__type":"$$EventMessageConfirm","confirm":"069654cc-4976-4ec6-9877-a889b0b88cd6","ts":"2025-09-24T00:47:51.749-03:00","source":{"id":"0","name":"eventBus"}}
{"__type":"$$EventMessageWorkflow","id":"ec0d43b1-add2-4166-9161-befa2ef9a9d0","ts":"2025-09-24T00:47:57.549-03:00","eventName":"n8n.workflow.started","message":"n8n.workflow.started","payload":{"executionId":"121","workflowId":"dIdcN4bbiaNW4nZF","isManual":false,"workflowName":"My workflow"}}
{"__type":"$$EventMessageConfirm","confirm":"ec0d43b1-add2-4166-9161-befa2ef9a9d0","ts":"2025-09-24T00:47:57.549-03:00","source":{"id":"0","name":"eventBus"}}
{"__type":"$$EventMessageNode","id":"82950392-0b75-4752-8490-3e74881c5bb2","ts":"2025-09-24T00:47:57.550-03:00","eventName":"n8n.node.started","message":"n8n.node.started","payload":{"workflowId":"dIdcN4bbiaNW4nZF","workflowName":"My workflow","executionId":"121","nodeType":"CUSTOM.random","nodeName":"Random","nodeId":"cdf8a78d-b7d3-463b-8021-3f623f1c2342"}}
{"__type":"$$EventMessageConfirm","confirm":"82950392-0b75-4752-8490-3e74881c5bb2","ts":"2025-09-24T00:47:57.550-03:00","source":{"id":"0","name":"eventBus"}}
{"__type":"$$EventMessageNode","id":"88cfa876-670e-41be-8aa6-73d4a0e582b6","ts":"2025-09-24T00:47:57.551-03:00","eventName":"n8n.node.finished","message":"n8n.node.finished","payload":{"workflowId":"dIdcN4bbiaNW4nZF","workflowName":"My workflow","executionId":"121","nodeType":"CUSTOM.random","nodeName":"Random","nodeId":"cdf8a78d-b7d3-463b-8021-3f623f1c2342"}}
{"__type":"$$EventMessageConfirm","confirm":"88cfa876-670e-41be-8aa6-73d4a0e582b6","ts":"2025-09-24T00:47:57.551-03:00","source":{"id":"0","name":"eventBus"}}
{"__type":"$$EventMessageWorkflow","id":"09c47f72-236c-47da-9348-a6b0c0397473","ts":"2025-09-24T00:47:57.552-03:00","eventName":"n8n.workflow.success","message":"n8n.workflow.success","payload":{"userId":"9246ed92-dec8-4f3c-bb0b-8b5b5c59cf7b","executionId":"121","success":true,"isManual":true,"workflowId":"dIdcN4bbiaNW4nZF","workflowName":"My workflow"}}
{"__type":"$$EventMessageConfirm","confirm":"09c47f72-236c-47da-9348-a6b0c0397473","ts":"2025-09-24T00:47:57.552-03:00","source":{"id":"0","name":"eventBus"}}
{"__type":"$$EventMessageWorkflow","id":"2f2962b2-2b69-4166-aa22-c48b541530e1","ts":"2025-09-24T00:48:30.552-03:00","eventName":"n8n.workflow.started","message":"n8n.workflow.started","payload":{"executionId":"122","workflowId":"dIdcN4bbiaNW4nZF","isManual":false,"workflowName":"My workflow"}}
{"__type":"$$EventMessageConfirm","confirm":"2f2962b2-2b69-4166-aa22-c48b541530e1","ts":"2025-09-24T00:48:30.552-03:00","source":{"id":"0","name":"eventBus"}}
{"__type":"$$EventMessageNode","id":"2cd251fe-5880-4245-8198-b534b5359e08","ts":"2025-09-24T00:48:30.553-03:00","eventName":"n8n.node.started","message":"n8n.node.started","payload":{"workflowId":"dIdcN4bbiaNW4nZF","workflowName":"My workflow","executionId":"122","nodeType":"CUSTOM.random","nodeName":"Random","nodeId":"cdf8a78d-b7d3-463b-8021-3f623f1c2342"}}
{"__type":"$$EventMessageConfirm","confirm":"2cd251fe-5880-4245-8198-b534b5359e08","ts":"2025-09-24T00:48:30.553-03:00","source":{"id":"0","name":"eventBus"}}
{"__type":"$$EventMessageNode","id":"6b95b2aa-6c5d-4ff1-ba36-50cc61eb6e58","ts":"2025-09-24T00:48:30.576-03:00","eventName":"n8n.node.finished","message":"n8n.node.finished","payload":{"workflowId":"dIdcN4bbiaNW4nZF","workflowName":"My workflow","executionId":"122","nodeType":"CUSTOM.random","nodeName":"Random","nodeId":"cdf8a78d-b7d3-463b-8021-3f623f1c2342"}}
{"__type":"$$EventMessageConfirm","confirm":"6b95b2aa-6c5d-4ff1-ba36-50cc61eb6e58","ts":"2025-09-24T00:48:30.576-03:00","source":{"id":"0","name":"eventBus"}}
{"__type":"$$EventMessageWorkflow","id":"6e8dfbf8-8f17-405b-9546-e1cc18459402","ts":"2025-09-24T00:48:30.578-03:00","eventName":"n8n.workflow.failed","message":"n8n.workflow.failed","payload":{"userId":"9246ed92-dec8-4f3c-bb0b-8b5b5c59cf7b","executionId":"122","success":false,"isManual":true,"workflowId":"dIdcN4bbiaNW4nZF","workflowName":"My workflow","lastNodeExecuted":"Random","errorNodeType":"CUSTOM.random","errorMessage":"Ocorreu um problema ao gerar o número aleatório: O valor mínimo não pode ser maior que o máximo."}}
{"__type":"$$EventMessageConfirm","confirm":"6e8dfbf8-8f17-405b-9546-e1cc18459402","ts":"2025-09-24T00:48:30.578-03:00","source":{"id":"0","name":"eventBus"}}
{"__type":"$$EventMessageWorkflow","id":"d42f2ee0-7787-45d0-969e-e41772e6593f","ts":"2025-09-24T00:48:42.031-03:00","eventName":"n8n.workflow.started","message":"n8n.workflow.started","payload":{"executionId":"123","workflowId":"dIdcN4bbiaNW4nZF","isManual":false,"workflowName":"My workflow"}}
{"__type":"$$EventMessageConfirm","confirm":"d42f2ee0-7787-45d0-969e-e41772e6593f","ts":"2025-09-24T00:48:42.031-03:00","source":{"id":"0","name":"eventBus"}}
{"__type":"$$EventMessageNode","id":"fe622c29-400f-4b0a-9ac3-d63e2831f6f4","ts":"2025-09-24T00:48:42.032-03:00","eventName":"n8n.node.started","message":"n8n.node.started","payload":{"workflowId":"dIdcN4bbiaNW4nZF","workflowName":"My workflow","executionId":"123","nodeType":"CUSTOM.random","nodeName":"Random","nodeId":"cdf8a78d-b7d3-463b-8021-3f623f1c2342"}}
{"__type":"$$EventMessageConfirm","confirm":"fe622c29-400f-4b0a-9ac3-d63e2831f6f4","ts":"2025-09-24T00:48:42.032-03:00","source":{"id":"0","name":"eventBus"}}
{"__type":"$$EventMessageNode","id":"f0743239-d7ac-4020-a505-0785c2b91715","ts":"2025-09-24T00:48:42.398-03:00","eventName":"n8n.node.finished","message":"n8n.node.finished","payload":{"workflowId":"dIdcN4bbiaNW4nZF","workflowName":"My workflow","executionId":"123","nodeType":"CUSTOM.random","nodeName":"Random","nodeId":"cdf8a78d-b7d3-463b-8021-3f623f1c2342"}}
{"__type":"$$EventMessageConfirm","confirm":"f0743239-d7ac-4020-a505-0785c2b91715","ts":"2025-09-24T00:48:42.398-03:00","source":{"id":"0","name":"eventBus"}}
{"__type":"$$EventMessageWorkflow","id":"145921ba-090e-4f28-a7e4-f97f5f6e7248","ts":"2025-09-24T00:48:42.400-03:00","eventName":"n8n.workflow.success","message":"n8n.workflow.success","payload":{"userId":"9246ed92-dec8-4f3c-bb0b-8b5b5c59cf7b","executionId":"123","success":true,"isManual":true,"workflowId":"dIdcN4bbiaNW4nZF","workflowName":"My workflow"}}
{"__type":"$$EventMessageConfirm","confirm":"145921ba-090e-4f28-a7e4-f97f5f6e7248","ts":"2025-09-24T00:48:42.400-03:00","source":{"id":"0","name":"eventBus"}}
