{"__type":"$$EventMessageWorkflow","id":"a534c36d-e76a-4eda-9d4d-c5f3772497b9","ts":"2025-09-24T00:37:15.820-03:00","eventName":"n8n.workflow.started","message":"n8n.workflow.started","payload":{"executionId":"112","workflowId":"dIdcN4bbiaNW4nZF","isManual":false,"workflowName":"My workflow"}}
{"__type":"$$EventMessageConfirm","confirm":"a534c36d-e76a-4eda-9d4d-c5f3772497b9","ts":"2025-09-24T00:37:15.820-03:00","source":{"id":"0","name":"eventBus"}}
{"__type":"$$EventMessageNode","id":"8c5d0dd0-5391-424c-a1d4-6dbd2aa87507","ts":"2025-09-24T00:37:15.823-03:00","eventName":"n8n.node.started","message":"n8n.node.started","payload":{"workflowId":"dIdcN4bbiaNW4nZF","workflowName":"My workflow","executionId":"112","nodeType":"n8n-nodes-base.manualTrigger","nodeName":"When clicking ‘Execute workflow’","nodeId":"b2f4e757-8583-49c2-9613-fa5e9f6814e9"}}
{"__type":"$$EventMessageConfirm","confirm":"8c5d0dd0-5391-424c-a1d4-6dbd2aa87507","ts":"2025-09-24T00:37:15.823-03:00","source":{"id":"0","name":"eventBus"}}
{"__type":"$$EventMessageNode","id":"30631e6d-0ae8-46a2-b376-e85605908058","ts":"2025-09-24T00:37:15.827-03:00","eventName":"n8n.node.finished","message":"n8n.node.finished","payload":{"workflowId":"dIdcN4bbiaNW4nZF","workflowName":"My workflow","executionId":"112","nodeType":"n8n-nodes-base.manualTrigger","nodeName":"When clicking ‘Execute workflow’","nodeId":"b2f4e757-8583-49c2-9613-fa5e9f6814e9"}}
{"__type":"$$EventMessageConfirm","confirm":"30631e6d-0ae8-46a2-b376-e85605908058","ts":"2025-09-24T00:37:15.827-03:00","source":{"id":"0","name":"eventBus"}}
{"__type":"$$EventMessageNode","id":"b536b539-260b-4dfb-ba21-058c9cbfc6ad","ts":"2025-09-24T00:37:15.827-03:00","eventName":"n8n.node.started","message":"n8n.node.started","payload":{"workflowId":"dIdcN4bbiaNW4nZF","workflowName":"My workflow","executionId":"112","nodeType":"CUSTOM.random","nodeName":"Random","nodeId":"cdf8a78d-b7d3-463b-8021-3f623f1c2342"}}
{"__type":"$$EventMessageConfirm","confirm":"b536b539-260b-4dfb-ba21-058c9cbfc6ad","ts":"2025-09-24T00:37:15.827-03:00","source":{"id":"0","name":"eventBus"}}
{"__type":"$$EventMessageNode","id":"5cbb9d4a-48e8-4d37-ad7d-e0a2c6f867c9","ts":"2025-09-24T00:37:16.195-03:00","eventName":"n8n.node.finished","message":"n8n.node.finished","payload":{"workflowId":"dIdcN4bbiaNW4nZF","workflowName":"My workflow","executionId":"112","nodeType":"CUSTOM.random","nodeName":"Random","nodeId":"cdf8a78d-b7d3-463b-8021-3f623f1c2342"}}
{"__type":"$$EventMessageConfirm","confirm":"5cbb9d4a-48e8-4d37-ad7d-e0a2c6f867c9","ts":"2025-09-24T00:37:16.195-03:00","source":{"id":"0","name":"eventBus"}}
{"__type":"$$EventMessageWorkflow","id":"2f5968ad-682f-4bb3-9571-6bfa1f8427b2","ts":"2025-09-24T00:37:16.201-03:00","eventName":"n8n.workflow.success","message":"n8n.workflow.success","payload":{"userId":"9246ed92-dec8-4f3c-bb0b-8b5b5c59cf7b","executionId":"112","success":true,"isManual":true,"workflowId":"dIdcN4bbiaNW4nZF","workflowName":"My workflow"}}
{"__type":"$$EventMessageConfirm","confirm":"2f5968ad-682f-4bb3-9571-6bfa1f8427b2","ts":"2025-09-24T00:37:16.201-03:00","source":{"id":"0","name":"eventBus"}}
{"__type":"$$EventMessageWorkflow","id":"1e44fddf-810c-47e9-b480-d819ed01d466","ts":"2025-09-24T00:37:20.691-03:00","eventName":"n8n.workflow.started","message":"n8n.workflow.started","payload":{"executionId":"113","workflowId":"dIdcN4bbiaNW4nZF","isManual":false,"workflowName":"My workflow"}}
{"__type":"$$EventMessageConfirm","confirm":"1e44fddf-810c-47e9-b480-d819ed01d466","ts":"2025-09-24T00:37:20.691-03:00","source":{"id":"0","name":"eventBus"}}
{"__type":"$$EventMessageNode","id":"dec43e53-9e82-45ec-b0f6-00f44350881f","ts":"2025-09-24T00:37:20.692-03:00","eventName":"n8n.node.started","message":"n8n.node.started","payload":{"workflowId":"dIdcN4bbiaNW4nZF","workflowName":"My workflow","executionId":"113","nodeType":"CUSTOM.random","nodeName":"Random","nodeId":"cdf8a78d-b7d3-463b-8021-3f623f1c2342"}}
{"__type":"$$EventMessageConfirm","confirm":"dec43e53-9e82-45ec-b0f6-00f44350881f","ts":"2025-09-24T00:37:20.692-03:00","source":{"id":"0","name":"eventBus"}}
{"__type":"$$EventMessageNode","id":"e15ff4fc-c726-414f-a67a-7f2bb5fac243","ts":"2025-09-24T00:37:21.414-03:00","eventName":"n8n.node.finished","message":"n8n.node.finished","payload":{"workflowId":"dIdcN4bbiaNW4nZF","workflowName":"My workflow","executionId":"113","nodeType":"CUSTOM.random","nodeName":"Random","nodeId":"cdf8a78d-b7d3-463b-8021-3f623f1c2342"}}
{"__type":"$$EventMessageConfirm","confirm":"e15ff4fc-c726-414f-a67a-7f2bb5fac243","ts":"2025-09-24T00:37:21.414-03:00","source":{"id":"0","name":"eventBus"}}
{"__type":"$$EventMessageWorkflow","id":"947dfd62-e474-49ff-97bc-ac79e0abe9f4","ts":"2025-09-24T00:37:21.416-03:00","eventName":"n8n.workflow.success","message":"n8n.workflow.success","payload":{"userId":"9246ed92-dec8-4f3c-bb0b-8b5b5c59cf7b","executionId":"113","success":true,"isManual":true,"workflowId":"dIdcN4bbiaNW4nZF","workflowName":"My workflow"}}
{"__type":"$$EventMessageConfirm","confirm":"947dfd62-e474-49ff-97bc-ac79e0abe9f4","ts":"2025-09-24T00:37:21.416-03:00","source":{"id":"0","name":"eventBus"}}
{"__type":"$$EventMessageWorkflow","id":"4e994174-cbf5-40f7-b2b7-e5d5baabeea0","ts":"2025-09-24T00:37:41.108-03:00","eventName":"n8n.workflow.started","message":"n8n.workflow.started","payload":{"executionId":"114","workflowId":"dIdcN4bbiaNW4nZF","isManual":false,"workflowName":"My workflow"}}
{"__type":"$$EventMessageConfirm","confirm":"4e994174-cbf5-40f7-b2b7-e5d5baabeea0","ts":"2025-09-24T00:37:41.108-03:00","source":{"id":"0","name":"eventBus"}}
{"__type":"$$EventMessageNode","id":"d5d4f8e0-04b8-4cdb-931d-17f9795a440c","ts":"2025-09-24T00:37:41.108-03:00","eventName":"n8n.node.started","message":"n8n.node.started","payload":{"workflowId":"dIdcN4bbiaNW4nZF","workflowName":"My workflow","executionId":"114","nodeType":"CUSTOM.random","nodeName":"Random","nodeId":"cdf8a78d-b7d3-463b-8021-3f623f1c2342"}}
{"__type":"$$EventMessageConfirm","confirm":"d5d4f8e0-04b8-4cdb-931d-17f9795a440c","ts":"2025-09-24T00:37:41.108-03:00","source":{"id":"0","name":"eventBus"}}
{"__type":"$$EventMessageNode","id":"317d130e-329a-4ec5-94fb-e17bcead5cc4","ts":"2025-09-24T00:37:41.135-03:00","eventName":"n8n.node.finished","message":"n8n.node.finished","payload":{"workflowId":"dIdcN4bbiaNW4nZF","workflowName":"My workflow","executionId":"114","nodeType":"CUSTOM.random","nodeName":"Random","nodeId":"cdf8a78d-b7d3-463b-8021-3f623f1c2342"}}
{"__type":"$$EventMessageConfirm","confirm":"317d130e-329a-4ec5-94fb-e17bcead5cc4","ts":"2025-09-24T00:37:41.135-03:00","source":{"id":"0","name":"eventBus"}}
{"__type":"$$EventMessageWorkflow","id":"ce2f5d48-cdae-4142-9390-17644314c803","ts":"2025-09-24T00:37:41.138-03:00","eventName":"n8n.workflow.failed","message":"n8n.workflow.failed","payload":{"userId":"9246ed92-dec8-4f3c-bb0b-8b5b5c59cf7b","executionId":"114","success":false,"isManual":true,"workflowId":"dIdcN4bbiaNW4nZF","workflowName":"My workflow","lastNodeExecuted":"Random","errorNodeType":"CUSTOM.random","errorMessage":"Ocorreu um problema ao gerar o número aleatório: O valor mínimo deve ser >= -1000000000 e o máximo <= 1000000000."}}
{"__type":"$$EventMessageConfirm","confirm":"ce2f5d48-cdae-4142-9390-17644314c803","ts":"2025-09-24T00:37:41.138-03:00","source":{"id":"0","name":"eventBus"}}
{"__type":"$$EventMessageWorkflow","id":"1c13651a-0005-4598-949e-7e6676c64470","ts":"2025-09-24T00:39:06.380-03:00","eventName":"n8n.workflow.started","message":"n8n.workflow.started","payload":{"executionId":"115","workflowId":"dIdcN4bbiaNW4nZF","isManual":false,"workflowName":"My workflow"}}
{"__type":"$$EventMessageConfirm","confirm":"1c13651a-0005-4598-949e-7e6676c64470","ts":"2025-09-24T00:39:06.380-03:00","source":{"id":"0","name":"eventBus"}}
{"__type":"$$EventMessageNode","id":"efbfef8c-3df7-456d-8f6c-450fe399cfe7","ts":"2025-09-24T00:39:06.381-03:00","eventName":"n8n.node.started","message":"n8n.node.started","payload":{"workflowId":"dIdcN4bbiaNW4nZF","workflowName":"My workflow","executionId":"115","nodeType":"CUSTOM.random","nodeName":"Random","nodeId":"cdf8a78d-b7d3-463b-8021-3f623f1c2342"}}
{"__type":"$$EventMessageConfirm","confirm":"efbfef8c-3df7-456d-8f6c-450fe399cfe7","ts":"2025-09-24T00:39:06.381-03:00","source":{"id":"0","name":"eventBus"}}
{"__type":"$$EventMessageNode","id":"39e80b19-ed6b-4d41-8124-13db834f4d30","ts":"2025-09-24T00:39:06.384-03:00","eventName":"n8n.node.finished","message":"n8n.node.finished","payload":{"workflowId":"dIdcN4bbiaNW4nZF","workflowName":"My workflow","executionId":"115","nodeType":"CUSTOM.random","nodeName":"Random","nodeId":"cdf8a78d-b7d3-463b-8021-3f623f1c2342"}}
{"__type":"$$EventMessageConfirm","confirm":"39e80b19-ed6b-4d41-8124-13db834f4d30","ts":"2025-09-24T00:39:06.384-03:00","source":{"id":"0","name":"eventBus"}}
{"__type":"$$EventMessageWorkflow","id":"cfe6e9c0-3e39-40fc-a2b7-2ec60e3d2862","ts":"2025-09-24T00:39:06.387-03:00","eventName":"n8n.workflow.failed","message":"n8n.workflow.failed","payload":{"userId":"9246ed92-dec8-4f3c-bb0b-8b5b5c59cf7b","executionId":"115","success":false,"isManual":true,"workflowId":"dIdcN4bbiaNW4nZF","workflowName":"My workflow","lastNodeExecuted":"Random","errorNodeType":"CUSTOM.random","errorMessage":"Ocorreu um problema ao gerar o número aleatório: O valor mínimo não pode ser maior que o máximo."}}
{"__type":"$$EventMessageConfirm","confirm":"cfe6e9c0-3e39-40fc-a2b7-2ec60e3d2862","ts":"2025-09-24T00:39:06.387-03:00","source":{"id":"0","name":"eventBus"}}
{"__type":"$$EventMessageWorkflow","id":"f420afa4-fe74-4c2c-820f-31e11fa630b5","ts":"2025-09-24T00:39:15.189-03:00","eventName":"n8n.workflow.started","message":"n8n.workflow.started","payload":{"executionId":"116","workflowId":"dIdcN4bbiaNW4nZF","isManual":false,"workflowName":"My workflow"}}
{"__type":"$$EventMessageConfirm","confirm":"f420afa4-fe74-4c2c-820f-31e11fa630b5","ts":"2025-09-24T00:39:15.189-03:00","source":{"id":"0","name":"eventBus"}}
{"__type":"$$EventMessageNode","id":"8e47dd42-5817-45d5-9a17-6099c08529ca","ts":"2025-09-24T00:39:15.190-03:00","eventName":"n8n.node.started","message":"n8n.node.started","payload":{"workflowId":"dIdcN4bbiaNW4nZF","workflowName":"My workflow","executionId":"116","nodeType":"CUSTOM.random","nodeName":"Random","nodeId":"cdf8a78d-b7d3-463b-8021-3f623f1c2342"}}
{"__type":"$$EventMessageConfirm","confirm":"8e47dd42-5817-45d5-9a17-6099c08529ca","ts":"2025-09-24T00:39:15.190-03:00","source":{"id":"0","name":"eventBus"}}
{"__type":"$$EventMessageNode","id":"9276510c-284d-4368-8fa9-6e1651d3bc4b","ts":"2025-09-24T00:39:15.573-03:00","eventName":"n8n.node.finished","message":"n8n.node.finished","payload":{"workflowId":"dIdcN4bbiaNW4nZF","workflowName":"My workflow","executionId":"116","nodeType":"CUSTOM.random","nodeName":"Random","nodeId":"cdf8a78d-b7d3-463b-8021-3f623f1c2342"}}
{"__type":"$$EventMessageConfirm","confirm":"9276510c-284d-4368-8fa9-6e1651d3bc4b","ts":"2025-09-24T00:39:15.573-03:00","source":{"id":"0","name":"eventBus"}}
{"__type":"$$EventMessageWorkflow","id":"fa3336bd-ba7a-4e3e-8357-c027f6530eee","ts":"2025-09-24T00:39:15.574-03:00","eventName":"n8n.workflow.success","message":"n8n.workflow.success","payload":{"userId":"9246ed92-dec8-4f3c-bb0b-8b5b5c59cf7b","executionId":"116","success":true,"isManual":true,"workflowId":"dIdcN4bbiaNW4nZF","workflowName":"My workflow"}}
{"__type":"$$EventMessageConfirm","confirm":"fa3336bd-ba7a-4e3e-8357-c027f6530eee","ts":"2025-09-24T00:39:15.574-03:00","source":{"id":"0","name":"eventBus"}}
